android/app/build/intermediates/manifest_merge_blame_file/debug/manifest-merger-blame-debug-report.txt
1<?xml version="1.0" encoding="utf-8"?>
2<manifest xmlns:android="http://schemas.android.com/apk/res/android"
3    package="com.leftstory"
4    android:versionCode="1"
5    android:versionName="1.0" >
6
7    <uses-sdk
8        android:minSdkVersion="16"
9        android:targetSdkVersion="29" />
10
11    <uses-permission android:name="android.permission.SYSTEM_ALERT_WINDOW" />
11-->src/debug/AndroidManifest.xml:5:5-77
11-->src/debug/AndroidManifest.xml:5:22-75
12    <uses-permission android:name="android.permission.INTERNET" />
12-->src/main/AndroidManifest.xml:4:5-67
12-->src/main/AndroidManifest.xml:4:22-64
13    <uses-permission android:name="android.permission.ACCESS_NETWORK_STATE" />
13-->src/main/AndroidManifest.xml:5:5-79
13-->src/main/AndroidManifest.xml:5:22-76
14    <uses-permission android:name="android.permission.ACCESS_FINE_LOCATION" />
14-->src/main/AndroidManifest.xml:6:5-79
14-->src/main/AndroidManifest.xml:6:22-76
15    <uses-permission android:name="android.permission.ACCESS_COARSE_LOCATION" />
15-->src/main/AndroidManifest.xml:7:5-80
15-->src/main/AndroidManifest.xml:7:22-78
16    <uses-permission android:name="android.permission.CAMERA" />
16-->src/main/AndroidManifest.xml:8:5-64
16-->src/main/AndroidManifest.xml:8:22-62
17
18    <uses-feature
18-->src/main/AndroidManifest.xml:9:5-85
19        android:name="android.hardware.camera"
19-->src/main/AndroidManifest.xml:9:19-57
20        android:required="false" />
20-->src/main/AndroidManifest.xml:9:58-82
21    <uses-feature
21-->src/main/AndroidManifest.xml:10:5-91
22        android:name="android.hardware.camera.front"
22-->src/main/AndroidManifest.xml:10:19-63
23        android:required="false" />
23-->src/main/AndroidManifest.xml:10:64-88
24
25    <uses-permission android:name="android.permission.ACCESS_WIFI_STATE" />
25-->[com.facebook.flipper:flipper:0.52.1] AndroidManifest.xml:16:5-76
25-->[com.facebook.flipper:flipper:0.52.1] AndroidManifest.xml:16:22-73
26
27    <queries>
27-->[:react-native-image-crop-picker] AndroidManifest.xml:10:5-14:15
28        <intent>
28-->[:react-native-image-crop-picker] AndroidManifest.xml:11:9-13:18
29            <action android:name="android.media.action.IMAGE_CAPTURE" />
29-->[:react-native-image-crop-picker] AndroidManifest.xml:12:13-73
29-->[:react-native-image-crop-picker] AndroidManifest.xml:12:21-70
30        </intent>
31    </queries>
32
33    <uses-permission android:name="android.permission.WRITE_EXTERNAL_STORAGE" />
33-->[:react-native-image-crop-picker] AndroidManifest.xml:16:5-81
33-->[:react-native-image-crop-picker] AndroidManifest.xml:16:22-78
34
35    <application
35-->src/main/AndroidManifest.xml:12:5-31:19
36        android:name="com.leftstory.MainApplication"
36-->src/main/AndroidManifest.xml:13:7-38
37        android:allowBackup="false"
37-->src/main/AndroidManifest.xml:17:7-34
38        android:appComponentFactory="androidx.core.app.CoreComponentFactory"
38-->[androidx.core:core:1.3.2] AndroidManifest.xml:24:18-86
39        android:debuggable="true"
40        android:icon="@mipmap/ic_launcher"
40-->src/main/AndroidManifest.xml:15:7-41
41        android:label="@string/app_name"
41-->src/main/AndroidManifest.xml:14:7-39
42        android:roundIcon="@mipmap/ic_launcher_round"
42-->src/main/AndroidManifest.xml:16:7-52
43        android:theme="@style/AppTheme"
43-->src/main/AndroidManifest.xml:18:7-38
44        android:usesCleartextTraffic="true" >
44-->src/debug/AndroidManifest.xml:7:18-53
45        <activity
45-->src/main/AndroidManifest.xml:19:7-29:18
46            android:name="com.leftstory.MainActivity"
46-->src/main/AndroidManifest.xml:20:9-37
47            android:configChanges="keyboard|keyboardHidden|orientation|screenSize|uiMode"
47-->src/main/AndroidManifest.xml:22:9-86
48            android:label="@string/app_name"
48-->src/main/AndroidManifest.xml:21:9-41
49            android:launchMode="singleTask"
49-->src/main/AndroidManifest.xml:23:9-40
50            android:windowSoftInputMode="adjustResize" >
50-->src/main/AndroidManifest.xml:24:9-51
51            <intent-filter>
51-->src/main/AndroidManifest.xml:25:9-28:25
52                <action android:name="android.intent.action.MAIN" />
52-->src/main/AndroidManifest.xml:26:13-65
52-->src/main/AndroidManifest.xml:26:21-62
53
54                <category android:name="android.intent.category.LAUNCHER" />
54-->src/main/AndroidManifest.xml:27:13-73
54-->src/main/AndroidManifest.xml:27:23-70
55            </intent-filter>
56        </activity>
57        <activity android:name="com.facebook.react.devsupport.DevSettingsActivity" />
57-->src/main/AndroidManifest.xml:30:7-84
57-->src/main/AndroidManifest.xml:30:17-81
58
59        <provider
59-->[:react-native-image-crop-picker] AndroidManifest.xml:19:9-27:20
60            android:name="androidx.core.content.FileProvider"
60-->[:react-native-image-crop-picker] AndroidManifest.xml:20:13-62
61            android:authorities="com.leftstory.provider"
61-->[:react-native-image-crop-picker] AndroidManifest.xml:21:13-60
62            android:exported="false"
62-->[:react-native-image-crop-picker] AndroidManifest.xml:22:13-37
63            android:grantUriPermissions="true" >
63-->[:react-native-image-crop-picker] AndroidManifest.xml:23:13-47
64            <meta-data
64-->[:react-native-image-crop-picker] AndroidManifest.xml:24:13-26:58
65                android:name="android.support.FILE_PROVIDER_PATHS"
65-->[:react-native-image-crop-picker] AndroidManifest.xml:25:17-67
66                android:resource="@xml/provider_paths" />
66-->[:react-native-image-crop-picker] AndroidManifest.xml:26:17-55
67        </provider>
68
69        <activity
69-->[:react-native-image-crop-picker] AndroidManifest.xml:29:9-31:72
70            android:name="com.yalantis.ucrop.UCropActivity"
70-->[:react-native-image-crop-picker] AndroidManifest.xml:30:13-60
71            android:theme="@style/Theme.AppCompat.Light.NoActionBar" />
71-->[:react-native-image-crop-picker] AndroidManifest.xml:31:13-69
72
73        <meta-data
73-->[com.github.bumptech.glide:okhttp3-integration:4.11.0] AndroidManifest.xml:11:9-13:43
74            android:name="com.bumptech.glide.integration.okhttp3.OkHttpGlideModule"
74-->[com.github.bumptech.glide:okhttp3-integration:4.11.0] AndroidManifest.xml:12:13-84
75            android:value="GlideModule" />
75-->[com.github.bumptech.glide:okhttp3-integration:4.11.0] AndroidManifest.xml:13:13-40
76    </application>
77
78</manifest>